<?xml version="1.0" encoding="UTF-8"?>
<!-- Generated by org.testng.reporters.JUnitReportReporter -->
<testsuite skipped="0" hostname="Mihails-MBP.local.tld" name="scripts.TechGlobalCheckBoxTest" tests="2" failures="0" timestamp="2023-01-22T16:34:13 CST" time="26.350" errors="0">
  <testcase name="validateCheckboxes" time="12.432" classname="scripts.TechGlobalCheckBoxTest"/>
  <system-out/>
  <testcase name="validateCheckboxes2" time="13.918" classname="scripts.TechGlobalCheckBoxTest"/>
  <system-out/>
</testsuite> <!-- scripts.TechGlobalCheckBoxTest -->
