<?xml version="1.0" encoding="UTF-8"?>
<!-- Generated by org.testng.reporters.JUnitReportReporter -->
<testsuite skipped="0" hostname="Mihails-MBP.local.tld" name="scripts.TechGlobalFrontEndTestingHomeTest" tests="1" failures="0" timestamp="2023-01-22T11:15:45 CST" time="10.156" errors="0">
  <testcase name="validateFrontendTestingURL" time="10.156" classname="scripts.TechGlobalFrontEndTestingHomeTest"/>
  <system-out/>
</testsuite> <!-- scripts.TechGlobalFrontEndTestingHomeTest -->
