<?xml version="1.0" encoding="UTF-8"?>
<!-- Generated by org.testng.reporters.JUnitReportReporter -->
<testsuite skipped="0" hostname="Mihails-MacBook-Pro.local" name="scripts.TechGlobalLogoTest" tests="1" failures="0" timestamp="2023-01-20T21:32:47 CST" time="8.554" errors="0">
  <testcase name="validateTechGlobalLogo" time="8.554" classname="scripts.TechGlobalLogoTest"/>
  <system-out/>
</testsuite> <!-- scripts.TechGlobalLogoTest -->
