<?xml version="1.0" encoding="UTF-8"?>
<!-- Generated by org.testng.reporters.JUnitReportReporter -->
<testsuite skipped="0" hostname="Mihails-MacBook-Pro.local" name="scripts.TechGlobalHeaderTest" tests="2" failures="0" timestamp="2023-01-20T21:32:47 CST" time="17.879" errors="0">
  <testcase name="validateTechGlobalHeaderDropdown" time="8.553" classname="scripts.TechGlobalHeaderTest"/>
  <system-out/>
  <testcase name="validateTechGlobalHeaderDropdownOptions" time="9.326" classname="scripts.TechGlobalHeaderTest"/>
  <system-out/>
</testsuite> <!-- scripts.TechGlobalHeaderTest -->
