<?xml version="1.0" encoding="UTF-8"?>
<!-- Generated by org.testng.reporters.JUnitReportReporter -->
<testsuite skipped="0" hostname="Mihails-MacBook-Pro.local" name="scripts.TechGlobalFrontEndTestingHomeTest" tests="2" failures="0" timestamp="2023-01-20T21:32:47 CST" time="24.350" errors="0">
  <testcase name="validateFrontEndTestingCards" time="14.461" classname="scripts.TechGlobalFrontEndTestingHomeTest"/>
  <system-out/>
  <testcase name="validateFrontendTestingURL" time="9.889" classname="scripts.TechGlobalFrontEndTestingHomeTest"/>
  <system-out/>
</testsuite> <!-- scripts.TechGlobalFrontEndTestingHomeTest -->
