<?xml version="1.0" encoding="UTF-8"?>
<!-- Generated by org.testng.reporters.JUnitReportReporter -->
<testsuite skipped="0" hostname="Mihails-MBP.local.tld" name="scripts.TechGlobalWaitsPageTest" tests="1" failures="0" timestamp="2023-01-22T16:34:13 CST" time="45.819" errors="0">
  <testcase name="validateRedBox" time="45.819" classname="scripts.TechGlobalWaitsPageTest"/>
  <system-out/>
</testsuite> <!-- scripts.TechGlobalWaitsPageTest -->
