<?xml version="1.0" encoding="UTF-8"?>
<!-- Generated by org.testng.reporters.JUnitReportReporter -->
<testsuite skipped="0" hostname="Mihails-MBP.local.tld" name="scripts.TechGlobalMultipleWindowsTest" tests="2" failures="0" timestamp="2023-01-22T16:34:13 CST" time="45.475" errors="0">
  <testcase name="validateTheAppleLink" time="16.803" classname="scripts.TechGlobalMultipleWindowsTest"/>
  <system-out/>
  <testcase name="validateLinkURLs" time="28.672" classname="scripts.TechGlobalMultipleWindowsTest"/>
  <system-out/>
</testsuite> <!-- scripts.TechGlobalMultipleWindowsTest -->
