<?xml version="1.0" encoding="UTF-8"?>
<!-- Generated by org.testng.reporters.JUnitReportReporter -->
<testsuite skipped="0" hostname="Mihails-MBP.local.tld" name="scripts.TechGlobalFrontEndTestingHomeTest" tests="1" failures="0" timestamp="2023-01-21T15:08:07 CST" time="13.975" errors="0">
  <testcase name="validateFrontEndTestingCards" time="13.975" classname="scripts.TechGlobalFrontEndTestingHomeTest"/>
  <system-out/>
</testsuite> <!-- scripts.TechGlobalFrontEndTestingHomeTest -->
