<?xml version="1.0" encoding="UTF-8"?>
<!-- Generated by org.testng.reporters.JUnitReportReporter -->
<testsuite skipped="0" hostname="Mihails-MBP.local.tld" name="scripts.TechGlobalFrontEndTestingHomeTest" tests="1" failures="0" timestamp="2023-01-22T16:34:13 CST" time="9.850" errors="0">
  <testcase name="validateFrontendTestingURL" time="9.850" classname="scripts.TechGlobalFrontEndTestingHomeTest"/>
  <system-out/>
</testsuite> <!-- scripts.TechGlobalFrontEndTestingHomeTest -->
